This is pdfTeX, Version 3.141592653-2.6-1.40.25 (TeX Live 2023) (preloaded format=pdflatex 2023.5.25)  19 JUL 2023 14:17
entering extended mode
 restricted \write18 enabled.
 file:line:error style messages enabled.
 %&-line parsing enabled.
**/Users/ash/cernbox/publications/MSc/main.tex
(/Users/ash/cernbox/publications/MSc/main.tex
LaTeX2e <2022-11-01> patch level 1
L3 programming layer <2023-02-22> (/usr/local/texlive/2023/texmf-dist/tex/latex/base/report.cls
Document Class: report 2022/07/02 v1.4n Standard LaTeX document class
(/usr/local/texlive/2023/texmf-dist/tex/latex/base/size11.clo
File: size11.clo 2022/07/02 v1.4n Standard LaTeX file (size option)
)
\c@part=\count185
\c@chapter=\count186
\c@section=\count187
\c@subsection=\count188
\c@subsubsection=\count189
\c@paragraph=\count190
\c@subparagraph=\count191
\c@figure=\count192
\c@table=\count193
\abovecaptionskip=\skip48
\belowcaptionskip=\skip49
\bibindent=\dimen140
) (./report.sty (/usr/local/texlive/2023/texmf-dist/tex/latex/geometry/geometry.sty
Package: geometry 2020/01/02 v5.9 Page Geometry
 (/usr/local/texlive/2023/texmf-dist/tex/latex/graphics/keyval.sty
Package: keyval 2022/05/29 v1.15 key=value parser (DPC)
\KV@toks@=\toks16
) (/usr/local/texlive/2023/texmf-dist/tex/generic/iftex/ifvtex.sty
Package: ifvtex 2019/10/25 v1.7 ifvtex legacy package. Use iftex instead.
 (/usr/local/texlive/2023/texmf-dist/tex/generic/iftex/iftex.sty
Package: iftex 2022/02/03 v1.0f TeX engine tests
))
\Gm@cnth=\count194
\Gm@cntv=\count195
\c@Gm@tempcnt=\count196
\Gm@bindingoffset=\dimen141
\Gm@wd@mp=\dimen142
\Gm@odd@mp=\dimen143
\Gm@even@mp=\dimen144
\Gm@layoutwidth=\dimen145
\Gm@layoutheight=\dimen146
\Gm@layouthoffset=\dimen147
\Gm@layoutvoffset=\dimen148
\Gm@dimlist=\toks17
) (/usr/local/texlive/2023/texmf-dist/tex/latex/fancyhdr/fancyhdr.sty
Package: fancyhdr 2022/11/09 v4.1 Extensive control of page headers and footers
\f@nch@headwidth=\skip50
\f@nch@O@elh=\skip51
\f@nch@O@erh=\skip52
\f@nch@O@olh=\skip53
\f@nch@O@orh=\skip54
\f@nch@O@elf=\skip55
\f@nch@O@erf=\skip56
\f@nch@O@olf=\skip57
\f@nch@O@orf=\skip58
)
\@abovecaptionskip=\skip59
\@belowcaptionskip=\skip60
) (/usr/local/texlive/2023/texmf-dist/tex/latex/base/inputenc.sty
Package: inputenc 2021/02/14 v1.3d Input encoding file
\inpenc@prehook=\toks18
\inpenc@posthook=\toks19
) (/usr/local/texlive/2023/texmf-dist/tex/latex/base/fontenc.sty
Package: fontenc 2021/04/29 v2.0v Standard LaTeX package
LaTeX Font Info:    Trying to load font information for T1+ptm on input line 112.
 (/usr/local/texlive/2023/texmf-dist/tex/latex/psnfss/t1ptm.fd
File: t1ptm.fd 2001/06/04 font definitions for T1/ptm.
)) (/usr/local/texlive/2023/texmf-dist/tex/latex/hyperref/hyperref.sty
Package: hyperref 2023-02-07 v7.00v Hypertext links for LaTeX
 (/usr/local/texlive/2023/texmf-dist/tex/generic/ltxcmds/ltxcmds.sty
Package: ltxcmds 2020-05-10 v1.25 LaTeX kernel commands for general use (HO)
) (/usr/local/texlive/2023/texmf-dist/tex/generic/pdftexcmds/pdftexcmds.sty
Package: pdftexcmds 2020-06-27 v0.33 Utility functions of pdfTeX for LuaTeX (HO)
 (/usr/local/texlive/2023/texmf-dist/tex/generic/infwarerr/infwarerr.sty
Package: infwarerr 2019/12/03 v1.5 Providing info/warning/error messages (HO)
)
Package pdftexcmds Info: \pdf@primitive is available.
Package pdftexcmds Info: \pdf@ifprimitive is available.
Package pdftexcmds Info: \pdfdraftmode found.
) (/usr/local/texlive/2023/texmf-dist/tex/latex/kvsetkeys/kvsetkeys.sty
Package: kvsetkeys 2022-10-05 v1.19 Key value parser (HO)
) (/usr/local/texlive/2023/texmf-dist/tex/generic/kvdefinekeys/kvdefinekeys.sty
Package: kvdefinekeys 2019-12-19 v1.6 Define keys (HO)
) (/usr/local/texlive/2023/texmf-dist/tex/generic/pdfescape/pdfescape.sty
Package: pdfescape 2019/12/09 v1.15 Implements pdfTeX's escape features (HO)
) (/usr/local/texlive/2023/texmf-dist/tex/latex/hycolor/hycolor.sty
Package: hycolor 2020-01-27 v1.10 Color options for hyperref/bookmark (HO)
) (/usr/local/texlive/2023/texmf-dist/tex/latex/letltxmacro/letltxmacro.sty
Package: letltxmacro 2019/12/03 v1.6 Let assignment for LaTeX macros (HO)
) (/usr/local/texlive/2023/texmf-dist/tex/latex/auxhook/auxhook.sty
Package: auxhook 2019-12-17 v1.6 Hooks for auxiliary files (HO)
) (/usr/local/texlive/2023/texmf-dist/tex/latex/hyperref/nameref.sty
Package: nameref 2022-05-17 v2.50 Cross-referencing by name of section
 (/usr/local/texlive/2023/texmf-dist/tex/latex/refcount/refcount.sty
Package: refcount 2019/12/15 v3.6 Data extraction from label references (HO)
) (/usr/local/texlive/2023/texmf-dist/tex/generic/gettitlestring/gettitlestring.sty
Package: gettitlestring 2019/12/15 v1.6 Cleanup title references (HO)
 (/usr/local/texlive/2023/texmf-dist/tex/latex/kvoptions/kvoptions.sty
Package: kvoptions 2022-06-15 v3.15 Key value format for package options (HO)
))
\c@section@level=\count197
)
\@linkdim=\dimen149
\Hy@linkcounter=\count198
\Hy@pagecounter=\count199
 (/usr/local/texlive/2023/texmf-dist/tex/latex/hyperref/pd1enc.def
File: pd1enc.def 2023-02-07 v7.00v Hyperref: PDFDocEncoding definition (HO)
Now handling font encoding PD1 ...
... no UTF-8 mapping file for font encoding PD1
) (/usr/local/texlive/2023/texmf-dist/tex/generic/intcalc/intcalc.sty
Package: intcalc 2019/12/15 v1.3 Expandable calculations with integers (HO)
) (/usr/local/texlive/2023/texmf-dist/tex/generic/etexcmds/etexcmds.sty
Package: etexcmds 2019/12/15 v1.7 Avoid name clashes with e-TeX commands (HO)
)
\Hy@SavedSpaceFactor=\count266
 (/usr/local/texlive/2023/texmf-dist/tex/latex/hyperref/puenc.def
File: puenc.def 2023-02-07 v7.00v Hyperref: PDF Unicode definition (HO)
Now handling font encoding PU ...
... no UTF-8 mapping file for font encoding PU
)
Package hyperref Info: Option `colorlinks' set `true' on input line 4060.
Package hyperref Info: Hyper figures OFF on input line 4177.
Package hyperref Info: Link nesting OFF on input line 4182.
Package hyperref Info: Hyper index ON on input line 4185.
Package hyperref Info: Plain pages OFF on input line 4192.
Package hyperref Info: Backreferencing OFF on input line 4197.
Package hyperref Info: Implicit mode ON; LaTeX internals redefined.
Package hyperref Info: Bookmarks ON on input line 4425.
\c@Hy@tempcnt=\count267
 (/usr/local/texlive/2023/texmf-dist/tex/latex/url/url.sty
\Urlmuskip=\muskip16
Package: url 2013/09/16  ver 3.4  Verb mode for urls, etc.
)
LaTeX Info: Redefining \url on input line 4763.
\XeTeXLinkMargin=\dimen150
 (/usr/local/texlive/2023/texmf-dist/tex/generic/bitset/bitset.sty
Package: bitset 2019/12/09 v1.3 Handle bit-vector datatype (HO)
 (/usr/local/texlive/2023/texmf-dist/tex/generic/bigintcalc/bigintcalc.sty
Package: bigintcalc 2019/12/15 v1.5 Expandable calculations on big integers (HO)
))
\Fld@menulength=\count268
\Field@Width=\dimen151
\Fld@charsize=\dimen152
Package hyperref Info: Hyper figures OFF on input line 6042.
Package hyperref Info: Link nesting OFF on input line 6047.
Package hyperref Info: Hyper index ON on input line 6050.
Package hyperref Info: backreferencing OFF on input line 6057.
Package hyperref Info: Link coloring ON on input line 6060.
Package hyperref Info: Link coloring with OCG OFF on input line 6067.
Package hyperref Info: PDF/A mode OFF on input line 6072.
 (/usr/local/texlive/2023/texmf-dist/tex/latex/base/atbegshi-ltx.sty
Package: atbegshi-ltx 2021/01/10 v1.0c Emulation of the original atbegshi
package with kernel methods
)
\Hy@abspage=\count269
\c@Item=\count270
\c@Hfootnote=\count271
)
Package hyperref Info: Driver (autodetected): hpdftex.
 (/usr/local/texlive/2023/texmf-dist/tex/latex/hyperref/hpdftex.def
File: hpdftex.def 2023-02-07 v7.00v Hyperref driver for pdfTeX
 (/usr/local/texlive/2023/texmf-dist/tex/latex/base/atveryend-ltx.sty
Package: atveryend-ltx 2020/08/19 v1.0a Emulation of the original atveryend package
with kernel methods
)
\Fld@listcount=\count272
\c@bookmark@seq@number=\count273
 (/usr/local/texlive/2023/texmf-dist/tex/latex/rerunfilecheck/rerunfilecheck.sty
Package: rerunfilecheck 2022-07-10 v1.10 Rerun checks for auxiliary files (HO)
 (/usr/local/texlive/2023/texmf-dist/tex/generic/uniquecounter/uniquecounter.sty
Package: uniquecounter 2019/12/15 v1.4 Provide unlimited unique counter (HO)
)
Package uniquecounter Info: New unique counter `rerunfilecheck' on input line 285.
)
\Hy@SectionHShift=\skip61
) (/usr/local/texlive/2023/texmf-dist/tex/latex/booktabs/booktabs.sty
Package: booktabs 2020/01/12 v1.61803398 Publication quality tables
\heavyrulewidth=\dimen153
\lightrulewidth=\dimen154
\cmidrulewidth=\dimen155
\belowrulesep=\dimen156
\belowbottomsep=\dimen157
\aboverulesep=\dimen158
\abovetopsep=\dimen159
\cmidrulesep=\dimen160
\cmidrulekern=\dimen161
\defaultaddspace=\dimen162
\@cmidla=\count274
\@cmidlb=\count275
\@aboverulesep=\dimen163
\@belowrulesep=\dimen164
\@thisruleclass=\count276
\@lastruleclass=\count277
\@thisrulewidth=\dimen165
) (/usr/local/texlive/2023/texmf-dist/tex/latex/amsfonts/amsfonts.sty
Package: amsfonts 2013/01/14 v3.01 Basic AMSFonts support
\@emptytoks=\toks20
\symAMSa=\mathgroup4
\symAMSb=\mathgroup5
LaTeX Font Info:    Redeclaring math symbol \hbar on input line 98.
LaTeX Font Info:    Overwriting math alphabet `\mathfrak' in version `bold'
(Font)                  U/euf/m/n --> U/euf/b/n on input line 106.
) (/usr/local/texlive/2023/texmf-dist/tex/latex/units/nicefrac.sty
Package: nicefrac 1998/08/04 v0.9b Nice fractions
\L@UnitsRaiseDisplaystyle=\skip62
\L@UnitsRaiseTextstyle=\skip63
\L@UnitsRaiseScriptstyle=\skip64
 (/usr/local/texlive/2023/texmf-dist/tex/latex/base/ifthen.sty
Package: ifthen 2022/04/13 v1.1d Standard LaTeX ifthen package (DPC)
)) (/usr/local/texlive/2023/texmf-dist/tex/latex/microtype/microtype.sty
Package: microtype 2023/03/13 v3.1a Micro-typographical refinements (RS)
 (/usr/local/texlive/2023/texmf-dist/tex/latex/etoolbox/etoolbox.sty
Package: etoolbox 2020/10/05 v2.5k e-TeX tools for LaTeX (JAW)
\etb@tempcnta=\count278
)
\MT@toks=\toks21
\MT@tempbox=\box51
\MT@count=\count279
LaTeX Info: Redefining \noprotrusionifhmode on input line 1059.
LaTeX Info: Redefining \leftprotrusion on input line 1060.
\MT@prot@toks=\toks22
LaTeX Info: Redefining \rightprotrusion on input line 1078.
LaTeX Info: Redefining \textls on input line 1368.
\MT@outer@kern=\dimen166
LaTeX Info: Redefining \textmicrotypecontext on input line 1988.
\MT@listname@count=\count280
 (/usr/local/texlive/2023/texmf-dist/tex/latex/microtype/microtype-pdftex.def
File: microtype-pdftex.def 2023/03/13 v3.1a Definitions specific to pdftex (RS)
LaTeX Info: Redefining \lsstyle on input line 902.
LaTeX Info: Redefining \lslig on input line 902.
\MT@outer@space=\skip65
)
Package microtype Info: Loading configuration file microtype.cfg.
 (/usr/local/texlive/2023/texmf-dist/tex/latex/microtype/microtype.cfg
File: microtype.cfg 2023/03/13 v3.1a microtype main configuration file (RS)
)) (/usr/local/texlive/2023/texmf-dist/tex/latex/graphics/graphicx.sty
Package: graphicx 2021/09/16 v1.2d Enhanced LaTeX Graphics (DPC,SPQR)
 (/usr/local/texlive/2023/texmf-dist/tex/latex/graphics/graphics.sty
Package: graphics 2022/03/10 v1.4e Standard LaTeX Graphics (DPC,SPQR)
 (/usr/local/texlive/2023/texmf-dist/tex/latex/graphics/trig.sty
Package: trig 2021/08/11 v1.11 sin cos tan (DPC)
) (/usr/local/texlive/2023/texmf-dist/tex/latex/graphics-cfg/graphics.cfg
File: graphics.cfg 2016/06/04 v1.11 sample graphics configuration
)
Package graphics Info: Driver file: pdftex.def on input line 107.
 (/usr/local/texlive/2023/texmf-dist/tex/latex/graphics-def/pdftex.def
File: pdftex.def 2022/09/22 v1.2b Graphics/color driver for pdftex
))
\Gin@req@height=\dimen167
\Gin@req@width=\dimen168
) (/usr/local/texlive/2023/texmf-dist/tex/latex/doi/doi.sty
Package: doi 2018/09/09 handle doi numbers
) (/usr/local/texlive/2023/texmf-dist/tex/latex/pgf/frontendlayer/tikz.sty (/usr/local/texlive/2023/texmf-dist/tex/latex/pgf/basiclayer/pgf.sty (/usr/local/texlive/2023/texmf-dist/tex/latex/pgf/utilities/pgfrcs.sty (/usr/local/texlive/2023/texmf-dist/tex/generic/pgf/utilities/pgfutil-common.tex
\pgfutil@everybye=\toks23
\pgfutil@tempdima=\dimen169
\pgfutil@tempdimb=\dimen170
) (/usr/local/texlive/2023/texmf-dist/tex/generic/pgf/utilities/pgfutil-latex.def
\pgfutil@abb=\box52
) (/usr/local/texlive/2023/texmf-dist/tex/generic/pgf/utilities/pgfrcs.code.tex (/usr/local/texlive/2023/texmf-dist/tex/generic/pgf/pgf.revision.tex)
Package: pgfrcs 2023-01-15 v3.1.10 (3.1.10)
))
Package: pgf 2023-01-15 v3.1.10 (3.1.10)
 (/usr/local/texlive/2023/texmf-dist/tex/latex/pgf/basiclayer/pgfcore.sty (/usr/local/texlive/2023/texmf-dist/tex/latex/pgf/systemlayer/pgfsys.sty (/usr/local/texlive/2023/texmf-dist/tex/generic/pgf/systemlayer/pgfsys.code.tex
Package: pgfsys 2023-01-15 v3.1.10 (3.1.10)
 (/usr/local/texlive/2023/texmf-dist/tex/generic/pgf/utilities/pgfkeys.code.tex
\pgfkeys@pathtoks=\toks24
\pgfkeys@temptoks=\toks25
 (/usr/local/texlive/2023/texmf-dist/tex/generic/pgf/utilities/pgfkeyslibraryfiltered.code.tex
\pgfkeys@tmptoks=\toks26
))
\pgf@x=\dimen171
\pgf@y=\dimen172
\pgf@xa=\dimen173
\pgf@ya=\dimen174
\pgf@xb=\dimen175
\pgf@yb=\dimen176
\pgf@xc=\dimen177
\pgf@yc=\dimen178
\pgf@xd=\dimen179
\pgf@yd=\dimen180
\w@pgf@writea=\write3
\r@pgf@reada=\read2
\c@pgf@counta=\count281
\c@pgf@countb=\count282
\c@pgf@countc=\count283
\c@pgf@countd=\count284
\t@pgf@toka=\toks27
\t@pgf@tokb=\toks28
\t@pgf@tokc=\toks29
\pgf@sys@id@count=\count285
 (/usr/local/texlive/2023/texmf-dist/tex/generic/pgf/systemlayer/pgf.cfg
File: pgf.cfg 2023-01-15 v3.1.10 (3.1.10)
)
Driver file for pgf: pgfsys-pdftex.def
 (/usr/local/texlive/2023/texmf-dist/tex/generic/pgf/systemlayer/pgfsys-pdftex.def
File: pgfsys-pdftex.def 2023-01-15 v3.1.10 (3.1.10)
 (/usr/local/texlive/2023/texmf-dist/tex/generic/pgf/systemlayer/pgfsys-common-pdf.def
File: pgfsys-common-pdf.def 2023-01-15 v3.1.10 (3.1.10)
))) (/usr/local/texlive/2023/texmf-dist/tex/generic/pgf/systemlayer/pgfsyssoftpath.code.tex
File: pgfsyssoftpath.code.tex 2023-01-15 v3.1.10 (3.1.10)
\pgfsyssoftpath@smallbuffer@items=\count286
\pgfsyssoftpath@bigbuffer@items=\count287
) (/usr/local/texlive/2023/texmf-dist/tex/generic/pgf/systemlayer/pgfsysprotocol.code.tex
File: pgfsysprotocol.code.tex 2023-01-15 v3.1.10 (3.1.10)
)) (/usr/local/texlive/2023/texmf-dist/tex/latex/xcolor/xcolor.sty
Package: xcolor 2022/06/12 v2.14 LaTeX color extensions (UK)
 (/usr/local/texlive/2023/texmf-dist/tex/latex/graphics-cfg/color.cfg
File: color.cfg 2016/01/02 v1.6 sample color configuration
)
Package xcolor Info: Driver file: pdftex.def on input line 227.
 (/usr/local/texlive/2023/texmf-dist/tex/latex/graphics/mathcolor.ltx)
Package xcolor Info: Model `cmy' substituted by `cmy0' on input line 1353.
Package xcolor Info: Model `hsb' substituted by `rgb' on input line 1357.
Package xcolor Info: Model `RGB' extended on input line 1369.
Package xcolor Info: Model `HTML' substituted by `rgb' on input line 1371.
Package xcolor Info: Model `Hsb' substituted by `hsb' on input line 1372.
Package xcolor Info: Model `tHsb' substituted by `hsb' on input line 1373.
Package xcolor Info: Model `HSB' substituted by `hsb' on input line 1374.
Package xcolor Info: Model `Gray' substituted by `gray' on input line 1375.
Package xcolor Info: Model `wave' substituted by `hsb' on input line 1376.
) (/usr/local/texlive/2023/texmf-dist/tex/generic/pgf/basiclayer/pgfcore.code.tex
Package: pgfcore 2023-01-15 v3.1.10 (3.1.10)
 (/usr/local/texlive/2023/texmf-dist/tex/generic/pgf/math/pgfmath.code.tex (/usr/local/texlive/2023/texmf-dist/tex/generic/pgf/math/pgfmathutil.code.tex) (/usr/local/texlive/2023/texmf-dist/tex/generic/pgf/math/pgfmathparser.code.tex
\pgfmath@dimen=\dimen181
\pgfmath@count=\count288
\pgfmath@box=\box53
\pgfmath@toks=\toks30
\pgfmath@stack@operand=\toks31
\pgfmath@stack@operation=\toks32
) (/usr/local/texlive/2023/texmf-dist/tex/generic/pgf/math/pgfmathfunctions.code.tex) (/usr/local/texlive/2023/texmf-dist/tex/generic/pgf/math/pgfmathfunctions.basic.code.tex) (/usr/local/texlive/2023/texmf-dist/tex/generic/pgf/math/pgfmathfunctions.trigonometric.code.tex) (/usr/local/texlive/2023/texmf-dist/tex/generic/pgf/math/pgfmathfunctions.random.code.tex) (/usr/local/texlive/2023/texmf-dist/tex/generic/pgf/math/pgfmathfunctions.comparison.code.tex) (/usr/local/texlive/2023/texmf-dist/tex/generic/pgf/math/pgfmathfunctions.base.code.tex) (/usr/local/texlive/2023/texmf-dist/tex/generic/pgf/math/pgfmathfunctions.round.code.tex) (/usr/local/texlive/2023/texmf-dist/tex/generic/pgf/math/pgfmathfunctions.misc.code.tex) (/usr/local/texlive/2023/texmf-dist/tex/generic/pgf/math/pgfmathfunctions.integerarithmetics.code.tex) (/usr/local/texlive/2023/texmf-dist/tex/generic/pgf/math/pgfmathcalc.code.tex) (/usr/local/texlive/2023/texmf-dist/tex/generic/pgf/math/pgfmathfloat.code.tex
\c@pgfmathroundto@lastzeros=\count289
)) (/usr/local/texlive/2023/texmf-dist/tex/generic/pgf/math/pgfint.code.tex) (/usr/local/texlive/2023/texmf-dist/tex/generic/pgf/basiclayer/pgfcorepoints.code.tex
File: pgfcorepoints.code.tex 2023-01-15 v3.1.10 (3.1.10)
\pgf@picminx=\dimen182
\pgf@picmaxx=\dimen183
\pgf@picminy=\dimen184
\pgf@picmaxy=\dimen185
\pgf@pathminx=\dimen186
\pgf@pathmaxx=\dimen187
\pgf@pathminy=\dimen188
\pgf@pathmaxy=\dimen189
\pgf@xx=\dimen190
\pgf@xy=\dimen191
\pgf@yx=\dimen192
\pgf@yy=\dimen193
\pgf@zx=\dimen194
\pgf@zy=\dimen195
) (/usr/local/texlive/2023/texmf-dist/tex/generic/pgf/basiclayer/pgfcorepathconstruct.code.tex
File: pgfcorepathconstruct.code.tex 2023-01-15 v3.1.10 (3.1.10)
\pgf@path@lastx=\dimen196
\pgf@path@lasty=\dimen197
) (/usr/local/texlive/2023/texmf-dist/tex/generic/pgf/basiclayer/pgfcorepathusage.code.tex
File: pgfcorepathusage.code.tex 2023-01-15 v3.1.10 (3.1.10)
\pgf@shorten@end@additional=\dimen198
\pgf@shorten@start@additional=\dimen199
) (/usr/local/texlive/2023/texmf-dist/tex/generic/pgf/basiclayer/pgfcorescopes.code.tex
File: pgfcorescopes.code.tex 2023-01-15 v3.1.10 (3.1.10)
\pgfpic=\box54
\pgf@hbox=\box55
\pgf@layerbox@main=\box56
\pgf@picture@serial@count=\count290
) (/usr/local/texlive/2023/texmf-dist/tex/generic/pgf/basiclayer/pgfcoregraphicstate.code.tex
File: pgfcoregraphicstate.code.tex 2023-01-15 v3.1.10 (3.1.10)
\pgflinewidth=\dimen256
) (/usr/local/texlive/2023/texmf-dist/tex/generic/pgf/basiclayer/pgfcoretransformations.code.tex
File: pgfcoretransformations.code.tex 2023-01-15 v3.1.10 (3.1.10)
\pgf@pt@x=\dimen257
\pgf@pt@y=\dimen258
\pgf@pt@temp=\dimen259
) (/usr/local/texlive/2023/texmf-dist/tex/generic/pgf/basiclayer/pgfcorequick.code.tex
File: pgfcorequick.code.tex 2023-01-15 v3.1.10 (3.1.10)
) (/usr/local/texlive/2023/texmf-dist/tex/generic/pgf/basiclayer/pgfcoreobjects.code.tex
File: pgfcoreobjects.code.tex 2023-01-15 v3.1.10 (3.1.10)
) (/usr/local/texlive/2023/texmf-dist/tex/generic/pgf/basiclayer/pgfcorepathprocessing.code.tex
File: pgfcorepathprocessing.code.tex 2023-01-15 v3.1.10 (3.1.10)
) (/usr/local/texlive/2023/texmf-dist/tex/generic/pgf/basiclayer/pgfcorearrows.code.tex
File: pgfcorearrows.code.tex 2023-01-15 v3.1.10 (3.1.10)
\pgfarrowsep=\dimen260
) (/usr/local/texlive/2023/texmf-dist/tex/generic/pgf/basiclayer/pgfcoreshade.code.tex
File: pgfcoreshade.code.tex 2023-01-15 v3.1.10 (3.1.10)
\pgf@max=\dimen261
\pgf@sys@shading@range@num=\count291
\pgf@shadingcount=\count292
) (/usr/local/texlive/2023/texmf-dist/tex/generic/pgf/basiclayer/pgfcoreimage.code.tex
File: pgfcoreimage.code.tex 2023-01-15 v3.1.10 (3.1.10)
) (/usr/local/texlive/2023/texmf-dist/tex/generic/pgf/basiclayer/pgfcoreexternal.code.tex
File: pgfcoreexternal.code.tex 2023-01-15 v3.1.10 (3.1.10)
\pgfexternal@startupbox=\box57
) (/usr/local/texlive/2023/texmf-dist/tex/generic/pgf/basiclayer/pgfcorelayers.code.tex
File: pgfcorelayers.code.tex 2023-01-15 v3.1.10 (3.1.10)
) (/usr/local/texlive/2023/texmf-dist/tex/generic/pgf/basiclayer/pgfcoretransparency.code.tex
File: pgfcoretransparency.code.tex 2023-01-15 v3.1.10 (3.1.10)
) (/usr/local/texlive/2023/texmf-dist/tex/generic/pgf/basiclayer/pgfcorepatterns.code.tex
File: pgfcorepatterns.code.tex 2023-01-15 v3.1.10 (3.1.10)
) (/usr/local/texlive/2023/texmf-dist/tex/generic/pgf/basiclayer/pgfcorerdf.code.tex
File: pgfcorerdf.code.tex 2023-01-15 v3.1.10 (3.1.10)
))) (/usr/local/texlive/2023/texmf-dist/tex/generic/pgf/modules/pgfmoduleshapes.code.tex
File: pgfmoduleshapes.code.tex 2023-01-15 v3.1.10 (3.1.10)
\pgfnodeparttextbox=\box58
) (/usr/local/texlive/2023/texmf-dist/tex/generic/pgf/modules/pgfmoduleplot.code.tex
File: pgfmoduleplot.code.tex 2023-01-15 v3.1.10 (3.1.10)
) (/usr/local/texlive/2023/texmf-dist/tex/latex/pgf/compatibility/pgfcomp-version-0-65.sty
Package: pgfcomp-version-0-65 2023-01-15 v3.1.10 (3.1.10)
\pgf@nodesepstart=\dimen262
\pgf@nodesepend=\dimen263
) (/usr/local/texlive/2023/texmf-dist/tex/latex/pgf/compatibility/pgfcomp-version-1-18.sty
Package: pgfcomp-version-1-18 2023-01-15 v3.1.10 (3.1.10)
)) (/usr/local/texlive/2023/texmf-dist/tex/latex/pgf/utilities/pgffor.sty (/usr/local/texlive/2023/texmf-dist/tex/latex/pgf/utilities/pgfkeys.sty (/usr/local/texlive/2023/texmf-dist/tex/generic/pgf/utilities/pgfkeys.code.tex)) (/usr/local/texlive/2023/texmf-dist/tex/latex/pgf/math/pgfmath.sty (/usr/local/texlive/2023/texmf-dist/tex/generic/pgf/math/pgfmath.code.tex)) (/usr/local/texlive/2023/texmf-dist/tex/generic/pgf/utilities/pgffor.code.tex
Package: pgffor 2023-01-15 v3.1.10 (3.1.10)
\pgffor@iter=\dimen264
\pgffor@skip=\dimen265
\pgffor@stack=\toks33
\pgffor@toks=\toks34
)) (/usr/local/texlive/2023/texmf-dist/tex/generic/pgf/frontendlayer/tikz/tikz.code.tex
Package: tikz 2023-01-15 v3.1.10 (3.1.10)
 (/usr/local/texlive/2023/texmf-dist/tex/generic/pgf/libraries/pgflibraryplothandlers.code.tex
File: pgflibraryplothandlers.code.tex 2023-01-15 v3.1.10 (3.1.10)
\pgf@plot@mark@count=\count293
\pgfplotmarksize=\dimen266
)
\tikz@lastx=\dimen267
\tikz@lasty=\dimen268
\tikz@lastxsaved=\dimen269
\tikz@lastysaved=\dimen270
\tikz@lastmovetox=\dimen271
\tikz@lastmovetoy=\dimen272
\tikzleveldistance=\dimen273
\tikzsiblingdistance=\dimen274
\tikz@figbox=\box59
\tikz@figbox@bg=\box60
\tikz@tempbox=\box61
\tikz@tempbox@bg=\box62
\tikztreelevel=\count294
\tikznumberofchildren=\count295
\tikznumberofcurrentchild=\count296
\tikz@fig@count=\count297
 (/usr/local/texlive/2023/texmf-dist/tex/generic/pgf/modules/pgfmodulematrix.code.tex
File: pgfmodulematrix.code.tex 2023-01-15 v3.1.10 (3.1.10)
\pgfmatrixcurrentrow=\count298
\pgfmatrixcurrentcolumn=\count299
\pgf@matrix@numberofcolumns=\count300
)
\tikz@expandcount=\count301
 (/usr/local/texlive/2023/texmf-dist/tex/generic/pgf/frontendlayer/tikz/libraries/tikzlibrarytopaths.code.tex
File: tikzlibrarytopaths.code.tex 2023-01-15 v3.1.10 (3.1.10)
))) (/usr/local/texlive/2023/texmf-dist/tex/latex/amsmath/amsmath.sty
Package: amsmath 2022/04/08 v2.17n AMS math features
\@mathmargin=\skip66

For additional information on amsmath, use the `?' option.
(/usr/local/texlive/2023/texmf-dist/tex/latex/amsmath/amstext.sty
Package: amstext 2021/08/26 v2.01 AMS text
 (/usr/local/texlive/2023/texmf-dist/tex/latex/amsmath/amsgen.sty
File: amsgen.sty 1999/11/30 v2.0 generic functions
\@emptytoks=\toks35
\ex@=\dimen275
)) (/usr/local/texlive/2023/texmf-dist/tex/latex/amsmath/amsbsy.sty
Package: amsbsy 1999/11/29 v1.2d Bold Symbols
\pmbraise@=\dimen276
) (/usr/local/texlive/2023/texmf-dist/tex/latex/amsmath/amsopn.sty
Package: amsopn 2022/04/08 v2.04 operator names
)
\inf@bad=\count302
LaTeX Info: Redefining \frac on input line 234.
\uproot@=\count303
\leftroot@=\count304
LaTeX Info: Redefining \overline on input line 399.
LaTeX Info: Redefining \colon on input line 410.
\classnum@=\count305
\DOTSCASE@=\count306
LaTeX Info: Redefining \ldots on input line 496.
LaTeX Info: Redefining \dots on input line 499.
LaTeX Info: Redefining \cdots on input line 620.
\Mathstrutbox@=\box63
\strutbox@=\box64
LaTeX Info: Redefining \big on input line 722.
LaTeX Info: Redefining \Big on input line 723.
LaTeX Info: Redefining \bigg on input line 724.
LaTeX Info: Redefining \Bigg on input line 725.
\big@size=\dimen277
LaTeX Font Info:    Redeclaring font encoding OML on input line 743.
LaTeX Font Info:    Redeclaring font encoding OMS on input line 744.
\macc@depth=\count307
LaTeX Info: Redefining \bmod on input line 905.
LaTeX Info: Redefining \pmod on input line 910.
LaTeX Info: Redefining \smash on input line 940.
LaTeX Info: Redefining \relbar on input line 970.
LaTeX Info: Redefining \Relbar on input line 971.
\c@MaxMatrixCols=\count308
\dotsspace@=\muskip17
\c@parentequation=\count309
\dspbrk@lvl=\count310
\tag@help=\toks36
\row@=\count311
\column@=\count312
\maxfields@=\count313
\andhelp@=\toks37
\eqnshift@=\dimen278
\alignsep@=\dimen279
\tagshift@=\dimen280
\tagwidth@=\dimen281
\totwidth@=\dimen282
\lineht@=\dimen283
\@envbody=\toks38
\multlinegap=\skip67
\multlinetaggap=\skip68
\mathdisplay@stack=\toks39
LaTeX Info: Redefining \[ on input line 2953.
LaTeX Info: Redefining \] on input line 2954.
) (/usr/local/texlive/2023/texmf-dist/tex/latex/amsfonts/amssymb.sty
Package: amssymb 2013/01/14 v3.01 AMS font symbols
) (/usr/local/texlive/2023/texmf-dist/tex/latex/chemformula/chemformula.sty (/usr/local/texlive/2023/texmf-dist/tex/latex/l3packages/xfrac/xfrac.sty (/usr/local/texlive/2023/texmf-dist/tex/latex/l3kernel/expl3.sty
Package: expl3 2023-02-22 L3 programming layer (loader) 
 (/usr/local/texlive/2023/texmf-dist/tex/latex/l3backend/l3backend-pdftex.def
File: l3backend-pdftex.def 2023-01-16 L3 backend support: PDF output (pdfTeX)
\l__color_backend_stack_int=\count314
\l__pdf_internal_box=\box65
)) (/usr/local/texlive/2023/texmf-dist/tex/latex/l3packages/l3keys2e/l3keys2e.sty
Package: l3keys2e 2023-02-02 LaTeX2e option processing using LaTeX3 keys
) (/usr/local/texlive/2023/texmf-dist/tex/latex/base/textcomp.sty
Package: textcomp 2020/02/02 v2.0n Standard LaTeX package
) (/usr/local/texlive/2023/texmf-dist/tex/latex/l3packages/xparse/xparse.sty
Package: xparse 2023-02-02 L3 Experimental document command parser
) (/usr/local/texlive/2023/texmf-dist/tex/latex/l3packages/xtemplate/xtemplate.sty
Package: xtemplate 2023-02-02 L3 Experimental prototype document functions
\l__xtemplate_tmp_dim=\dimen284
\l__xtemplate_tmp_int=\count315
\l__xtemplate_tmp_muskip=\muskip18
\l__xtemplate_tmp_skip=\skip69
)
Package: xfrac 2023-02-02 L3 Experimental split-level fractions
\l__xfrac_slash_box=\box66
\l__xfrac_tmp_box=\box67
\l__xfrac_denominator_bot_sep_dim=\dimen285
\l__xfrac_numerator_bot_sep_dim=\dimen286
\l__xfrac_numerator_top_sep_dim=\dimen287
\l__xfrac_slash_left_sep_dim=\dimen288
\l__xfrac_slash_right_sep_dim=\dimen289
\l__xfrac_slash_left_muskip=\muskip19
\l__xfrac_slash_right_muskip=\muskip20

Package xtemplate Info: Declaring object type 'xfrac' taking 3 argument(s) on
(xtemplate)             line 80.

) (/usr/local/texlive/2023/texmf-dist/tex/generic/pgf/libraries/pgflibraryarrows.meta.code.tex
File: pgflibraryarrows.meta.code.tex 2023-01-15 v3.1.10 (3.1.10)
\pgfarrowinset=\dimen290
\pgfarrowlength=\dimen291
\pgfarrowwidth=\dimen292
\pgfarrowlinewidth=\dimen293
)
Package: chemformula 2022/01/23 v4.17 typeset chemical compounds and reactions (CN)
\l__chemformula_tmpa_dim=\dimen294
\l__chemformula_tmpb_dim=\dimen295
\l__chemformula_tmpc_dim=\dimen296
\l__chemformula_tmpa_int=\count316
\l__chemformula_tmpb_int=\count317
\l__chemformula_tmpc_int=\count318
\l__chemformula_tmpa_box=\box68
\l__chemformula_tmpb_box=\box69
\l__chemformula_arrow_length_dim=\dimen297
\l__chemformula_arrow_label_height_dim=\dimen298
\l__chemformula_arrow_label_offset_dim=\dimen299
\l__chemformula_arrow_minimum_length_dim=\dimen300
\l__chemformula_arrow_shortage_dim=\dimen301
\l__chemformula_arrow_offset_dim=\dimen302
\l__chemformula_arrow_yshift_dim=\dimen303
\l__chemformula_radical_radius_dim=\dimen304
\l__chemformula_radical_hshift_dim=\dimen305
\l__chemformula_radical_vshift_dim=\dimen306
\l__chemformula_radical_space_dim=\dimen307
\l__chemformula_arrow_head_dim=\dimen308
\l__chemformula_name_dim=\dimen309
\l__chemformula_adduct_space_dim=\dimen310
\l__chemformula_charge_shift_dim=\dimen311
\l__chemformula_subscript_shift_dim=\dimen312
\l__chemformula_superscript_shift_dim=\dimen313
\l__chemformula_subscript_dim=\dimen314
\l__chemformula_superscript_dim=\dimen315
\l__chemformula_bond_dim=\dimen316
\l__chemformula_bond_space_dim=\dimen317
\l__chemformula_elspec_pair_distance_dim=\dimen318
\l__chemformula_elspec_pair_line_length_dim=\dimen319
\l__chemformula_elspec_pair_width_dim=\dimen320
\l__chemformula_kroegervink_positive_radius_dim=\dimen321
\l__chemformula_kroegervink_positive_hshift_dim=\dimen322
\l__chemformula_kroegervink_positive_vshift_dim=\dimen323
\l__chemformula_kroegervink_positive_space_dim=\dimen324
\l__chemformula_stoich_space_skip=\skip70
\l__chemformula_math_space_skip=\skip71
\l__chemformula_additions_symbol_space_skip=\skip72
\l__chemformula_count_tokens_int=\count319
\g__chemformula_lewis_int=\count320
\l__chemformula_arrow_arg_i_box=\box70
\l__chemformula_arrow_arg_ii_box=\box71
\l__chemformula_superscript_box=\box72
\l__chemformula_subscript_box=\box73
\l__chemformula_plus_space_skip=\skip73
\l__chemformula_minus_space_skip=\skip74
) (/usr/local/texlive/2023/texmf-dist/tex/latex/listings/listings.sty
\lst@mode=\count321
\lst@gtempboxa=\box74
\lst@token=\toks40
\lst@length=\count322
\lst@currlwidth=\dimen325
\lst@column=\count323
\lst@pos=\count324
\lst@lostspace=\dimen326
\lst@width=\dimen327
\lst@newlines=\count325
\lst@lineno=\count326
\lst@maxwidth=\dimen328
 (/usr/local/texlive/2023/texmf-dist/tex/latex/listings/lstmisc.sty
File: lstmisc.sty 2023/02/27 1.9 (Carsten Heinz)
\c@lstnumber=\count327
\lst@skipnumbers=\count328
\lst@framebox=\box75
) (/usr/local/texlive/2023/texmf-dist/tex/latex/listings/listings.cfg
File: listings.cfg 2023/02/27 1.9 listings configuration
))
Package: listings 2023/02/27 1.9 (Carsten Heinz)
 (/usr/local/texlive/2023/texmf-dist/tex/latex/mwe/mwe.sty
Package: mwe 2018/03/30 v0.5 Package to support minimal working examples (MWE)
 (/usr/local/texlive/2023/texmf-dist/tex/latex/lipsum/lipsum.sty
Package: lipsum 2021-09-20 v2.7 150 paragraphs of Lorem Ipsum dummy text
\g__lipsum_par_int=\count329
\l__lipsum_a_int=\count330
\l__lipsum_b_int=\count331
 (/usr/local/texlive/2023/texmf-dist/tex/latex/lipsum/lipsum.ltd.tex)) (/usr/local/texlive/2023/texmf-dist/tex/latex/blindtext/blindtext.sty
Package: blindtext 2012/01/06 V2.0 blindtext-Package
 (/usr/local/texlive/2023/texmf-dist/tex/latex/tools/xspace.sty
Package: xspace 2014/10/28 v1.13 Space after command names (DPC,MH)
)
\c@blindtext=\count332
\c@Blindtext=\count333
\c@blind@countparstart=\count334
\blind@countxx=\count335
\blindtext@numBlindtext=\count336
\blind@countyy=\count337
\c@blindlist=\count338
\c@blindlistlevel=\count339
\c@blindlist@level=\count340
\blind@listitem=\count341
\c@blind@listcount=\count342
\c@blind@levelcount=\count343
\blind@mathformula=\count344
\blind@Mathformula=\count345
\c@blind@randomcount=\count346
\c@blind@randommax=\count347
\c@blind@pangramcount=\count348
\c@blind@pangrammax=\count349
)) (/usr/local/texlive/2023/texmf-dist/tex/latex/siunitx/siunitx.sty
Package: siunitx 2023-03-04 v3.2.2 A comprehensive (SI) units package
\l__siunitx_angle_tmp_dim=\dimen329
\l__siunitx_angle_marker_box=\box76
\l__siunitx_angle_unit_box=\box77
\l__siunitx_compound_count_int=\count350
 (/usr/local/texlive/2023/texmf-dist/tex/latex/translations/translations.sty
Package: translations 2022/02/05 v1.12 internationalization of LaTeX2e packages (CN)
)
\l__siunitx_number_exponent_fixed_int=\count351
\l__siunitx_number_min_decimal_int=\count352
\l__siunitx_number_min_integer_int=\count353
\l__siunitx_number_round_precision_int=\count354
\l__siunitx_number_lower_threshold_int=\count355
\l__siunitx_number_upper_threshold_int=\count356
\l__siunitx_number_group_first_int=\count357
\l__siunitx_number_group_size_int=\count358
\l__siunitx_number_group_minimum_int=\count359
\l__siunitx_table_tmp_box=\box78
\l__siunitx_table_tmp_dim=\dimen330
\l__siunitx_table_column_width_dim=\dimen331
\l__siunitx_table_integer_box=\box79
\l__siunitx_table_decimal_box=\box80
\l__siunitx_table_uncert_box=\box81
\l__siunitx_table_before_box=\box82
\l__siunitx_table_after_box=\box83
\l__siunitx_table_before_dim=\dimen332
\l__siunitx_table_carry_dim=\dimen333
\l__siunitx_unit_tmp_int=\count360
\l__siunitx_unit_position_int=\count361
\l__siunitx_unit_total_int=\count362
 (/usr/local/texlive/2023/texmf-dist/tex/latex/tools/array.sty
Package: array 2022/09/04 v2.5g Tabular extension package (FMi)
\col@sep=\dimen334
\ar@mcellbox=\box84
\extrarowheight=\dimen335
\NC@list=\toks41
\extratabsurround=\skip75
\backup@length=\skip76
\ar@cellbox=\box85
)) (/usr/local/texlive/2023/texmf-dist/tex/latex/appendix/appendix.sty
Package: appendix 2020/02/08 v1.2c extra appendix facilities
\c@@pps=\count363
\c@@ppsavesec=\count364
\c@@ppsaveapp=\count365
) (/usr/local/texlive/2023/texmf-dist/tex/latex/setspace/setspace.sty
Package: setspace 2022/12/04 v6.7b set line spacing
) (/usr/local/texlive/2023/texmf-dist/tex/latex/caption/subcaption.sty
Package: subcaption 2023/02/19 v1.6 Sub-captions (AR)
 (/usr/local/texlive/2023/texmf-dist/tex/latex/caption/caption.sty
Package: caption 2023/03/12 v3.6j Customizing captions (AR)
 (/usr/local/texlive/2023/texmf-dist/tex/latex/caption/caption3.sty
Package: caption3 2023/03/12 v2.4 caption3 kernel (AR)
\caption@tempdima=\dimen336
\captionmargin=\dimen337
\caption@leftmargin=\dimen338
\caption@rightmargin=\dimen339
\caption@width=\dimen340
\caption@indent=\dimen341
\caption@parindent=\dimen342
\caption@hangindent=\dimen343
Package caption Info: Standard document class detected.
)
\c@caption@flags=\count366
\c@continuedfloat=\count367
Package caption Info: hyperref package is loaded.
Package caption Info: listings package is loaded.
)
Package caption Info: New subtype `subfigure' on input line 239.
\c@subfigure=\count368
Package caption Info: New subtype `subtable' on input line 239.
\c@subtable=\count369
) (/usr/local/texlive/2023/texmf-dist/tex/latex/cprotect/cprotect.sty
Package: cprotect 2011/01/27 v1.0e (Bruno Le Floch)
 (/usr/local/texlive/2023/texmf-dist/tex/latex/bigfoot/suffix.sty
Package: suffix 2006/07/15 1.5a Variant command support
)
\CPT@WriteOut=\write4
\c@CPT@WriteCount=\count370
\c@CPT@numB=\count371
\CPT@commandatend@toks=\toks42
) (/usr/local/texlive/2023/texmf-dist/tex/generic/nth/nth.sty
Package: nth 2002/02/27
) (/usr/local/texlive/2023/texmf-dist/tex/latex/cite/cite.sty
LaTeX Info: Redefining \cite on input line 302.
LaTeX Info: Redefining \nocite on input line 332.
Package: cite 2015/02/27  v 5.5
) (/usr/local/texlive/2023/texmf-dist/tex/latex/cleveref/cleveref.sty
Package: cleveref 2018/03/27 v0.21.4 Intelligent cross-referencing
Package cleveref Info: `hyperref' support loaded on input line 2370.
LaTeX Info: Redefining \cref on input line 2370.
LaTeX Info: Redefining \Cref on input line 2370.
LaTeX Info: Redefining \crefrange on input line 2370.
LaTeX Info: Redefining \Crefrange on input line 2370.
LaTeX Info: Redefining \cpageref on input line 2370.
LaTeX Info: Redefining \Cpageref on input line 2370.
LaTeX Info: Redefining \cpagerefrange on input line 2370.
LaTeX Info: Redefining \Cpagerefrange on input line 2370.
LaTeX Info: Redefining \labelcref on input line 2370.
LaTeX Info: Redefining \labelcpageref on input line 2370.
Package cleveref Info: `listings' support loaded on input line 3131.
Package cleveref Info: always capitalise cross-reference names on input line 7825.
Package cleveref Info: always capitalise cross-reference names on input line 7852.
) (/usr/local/texlive/2023/texmf-dist/tex/latex/amscls/amsthm.sty
Package: amsthm 2020/05/29 v2.20.6
\thm@style=\toks43
\thm@bodyfont=\toks44
\thm@headfont=\toks45
\thm@notefont=\toks46
\thm@headpunct=\toks47
\thm@preskip=\skip77
\thm@postskip=\skip78
\thm@headsep=\skip79
\dth@everypar=\toks48
) (/usr/local/texlive/2023/texmf-dist/tex/latex/draftwatermark/draftwatermark.sty
Package: draftwatermark 2020/12/08 3.0 Put a gray textual watermark on document pages
)
Package translations Info: No language package found. I am going to use `english' as default language. on input line 82.
 (./main.aux)
\openout1 = `main.aux'.

LaTeX Font Info:    Checking defaults for OML/cmm/m/it on input line 82.
LaTeX Font Info:    ... okay on input line 82.
LaTeX Font Info:    Checking defaults for OMS/cmsy/m/n on input line 82.
LaTeX Font Info:    ... okay on input line 82.
LaTeX Font Info:    Checking defaults for OT1/cmr/m/n on input line 82.
LaTeX Font Info:    ... okay on input line 82.
LaTeX Font Info:    Checking defaults for T1/cmr/m/n on input line 82.
LaTeX Font Info:    ... okay on input line 82.
LaTeX Font Info:    Checking defaults for TS1/cmr/m/n on input line 82.
LaTeX Font Info:    ... okay on input line 82.
LaTeX Font Info:    Checking defaults for OMX/cmex/m/n on input line 82.
LaTeX Font Info:    ... okay on input line 82.
LaTeX Font Info:    Checking defaults for U/cmr/m/n on input line 82.
LaTeX Font Info:    ... okay on input line 82.
LaTeX Font Info:    Checking defaults for PD1/pdf/m/n on input line 82.
LaTeX Font Info:    ... okay on input line 82.
LaTeX Font Info:    Checking defaults for PU/pdf/m/n on input line 82.
LaTeX Font Info:    ... okay on input line 82.

*geometry* driver: auto-detecting
*geometry* detected driver: pdftex
*geometry* verbose mode - [ preamble ] result:
* driver: pdftex
* paper: letterpaper
* layout: <same size as paper>
* layoutoffset:(h,v)=(0.0pt,0.0pt)
* modes: 
* h-part:(L,W,R)=(92.14519pt, 430.00462pt, 92.14519pt)
* v-part:(T,H,B)=(95.39737pt, 556.47656pt, 143.09605pt)
* \paperwidth=614.295pt
* \paperheight=794.96999pt
* \textwidth=430.00462pt
* \textheight=556.47656pt
* \oddsidemargin=19.8752pt
* \evensidemargin=19.8752pt
* \topmargin=-13.87262pt
* \headheight=12.0pt
* \headsep=25.0pt
* \topskip=11.0pt
* \footskip=30.0pt
* \marginparwidth=59.0pt
* \marginparsep=10.0pt
* \columnsep=10.0pt
* \skip\footins=9.0pt plus 4.0pt minus 2.0pt
* \hoffset=0.0pt
* \voffset=0.0pt
* \mag=1000
* \@twocolumnfalse
* \@twosidefalse
* \@mparswitchfalse
* \@reversemarginfalse
* (1in=72.27pt=25.4mm, 1cm=28.453pt)

*geometry* verbose mode - [ newgeometry ] result:
* driver: pdftex
* paper: letterpaper
* layout: <same size as paper>
* layoutoffset:(h,v)=(0.0pt,0.0pt)
* modes: 
* h-part:(L,W,R)=(72.27pt, 469.75499pt, 72.27pt)
* v-part:(T,H,B)=(72.26999pt, 650.43pt, 72.27pt)
* \paperwidth=614.295pt
* \paperheight=794.96999pt
* \textwidth=469.75499pt
* \textheight=650.43pt
* \oddsidemargin=0.00002pt
* \evensidemargin=0.00002pt
* \topmargin=-39.0pt
* \headheight=14.0pt
* \headsep=25.0pt
* \topskip=11.0pt
* \footskip=30.0pt
* \marginparwidth=59.0pt
* \marginparsep=10.0pt
* \columnsep=10.0pt
* \skip\footins=9.0pt plus 4.0pt minus 2.0pt
* \hoffset=0.0pt
* \voffset=0.0pt
* \mag=1000
* \@twocolumnfalse
* \@twosidefalse
* \@mparswitchfalse
* \@reversemarginfalse
* (1in=72.27pt=25.4mm, 1cm=28.453pt)

Package hyperref Info: Link coloring ON on input line 82.
\@outlinefile=\write5
\openout5 = `main.out'.

LaTeX Info: Redefining \microtypecontext on input line 82.
Package microtype Info: Applying patch `item' on input line 82.
Package microtype Info: Applying patch `toc' on input line 82.

Package microtype Warning: Unable to apply patch `eqnum' on input line 82.


Package microtype Warning: Unable to apply patch `footnote' on input line 82.

Package microtype Info: Applying patch `verbatim' on input line 82.
Package microtype Info: Generating PDF output.
Package microtype Info: Character protrusion enabled (level 2).
Package microtype Info: Using default protrusion set `alltext'.
Package microtype Info: Automatic font expansion enabled (level 2),
(microtype)             stretch: 20, shrink: 20, step: 1, non-selected.
Package microtype Info: Using default expansion set `alltext-nott'.
LaTeX Info: Redefining \showhyphens on input line 82.
Package microtype Info: No adjustment of tracking.
Package microtype Info: No adjustment of interword spacing.
Package microtype Info: No adjustment of character kerning.
(/usr/local/texlive/2023/texmf-dist/tex/latex/microtype/mt-ptm.cfg
File: mt-ptm.cfg 2006/04/20 v1.7 microtype config. file: Times (RS)
) (/usr/local/texlive/2023/texmf-dist/tex/context/base/mkii/supp-pdf.mkii
[Loading MPS to PDF converter (version 2006.09.02).]
\scratchcounter=\count372
\scratchdimen=\dimen344
\scratchbox=\box86
\nofMPsegments=\count373
\nofMParguments=\count374
\everyMPshowfont=\toks49
\MPscratchCnt=\count375
\MPscratchDim=\dimen345
\MPnumerator=\count376
\makeMPintoPDFobject=\count377
\everyMPtoPDFconversion=\toks50
) (/usr/local/texlive/2023/texmf-dist/tex/latex/epstopdf-pkg/epstopdf-base.sty
Package: epstopdf-base 2020-01-24 v2.11 Base part for package epstopdf
Package epstopdf-base Info: Redefining graphics rule for `.eps' on input line 485.
 (/usr/local/texlive/2023/texmf-dist/tex/latex/latexconfig/epstopdf-sys.cfg
File: epstopdf-sys.cfg 2010/07/13 v1.3 Configuration of (r)epstopdf for TeX Live
))
\c@lstlisting=\count378
 (/usr/local/texlive/2023/texmf-dist/tex/latex/translations/translations-basic-dictionary-english.trsl
File: translations-basic-dictionary-english.trsl (english translation file `translations-basic-dictionary')
)
Package translations Info: loading dictionary `translations-basic-dictionary' for `english'. on input line 82.
Package caption Info: Begin \AtBeginDocument code.
Package caption Info: End \AtBeginDocument code.
 (./titlepage.tex
<Royal_Holloway_coat_of_arms.png, id=7, 200.75pt x 318.18875pt>
File: Royal_Holloway_coat_of_arms.png Graphic file (type png)
<use Royal_Holloway_coat_of_arms.png>
Package pdftex.def Info: Royal_Holloway_coat_of_arms.png  used on input line 22.
(pdftex.def)             Requested size: 164.4171pt x 260.62029pt.
 [1{/usr/local/texlive/2023/texmf-var/fonts/map/pdftex/updmap/pdftex.map}{/usr/local/texlive/2023/texmf-dist/fonts/enc/dvips/base/8r.enc}


 <./Royal_Holloway_coat_of_arms.png>]) (./declaration.tex
Underfull \hbox (badness 10000) in paragraph at lines 6--8

 []

<signature.png, id=17, 3645.62pt x 1809.76125pt>
File: signature.png Graphic file (type png)
<use signature.png>
Package pdftex.def Info: signature.png  used on input line 12.
(pdftex.def)             Requested size: 93.94955pt x 46.6136pt.
)
pdfTeX warning (ext4): destination with the same identifier (name{page.1}) has been already used, duplicate ignored
<to be read again> 
                   \relax 
l.86 \newpage
              [1 <./signature.png>]
LaTeX Font Info:    Trying to load font information for T1+cmtt on input line 92.
 (/usr/local/texlive/2023/texmf-dist/tex/latex/base/t1cmtt.fd
File: t1cmtt.fd 2022/07/10 v2.5l Standard LaTeX font definitions
)
Package microtype Info: Loading generic protrusion settings for font family
(microtype)             `cmtt' (encoding: T1).
(microtype)             For optimal results, create family-specific settings.
(microtype)             See the microtype manual for details.
 [2{/usr/local/texlive/2023/texmf-dist/fonts/enc/dvips/cm-super/cm-super-t1.enc}]
No file main.toc.
\tf@toc=\write6
\openout6 = `main.toc'.

[3

]
Chapter 1.

LaTeX Warning: Reference `fig:eadiagram' on page 4 undefined on input line 109.

(/usr/local/texlive/2023/texmf-dist/tex/latex/microtype/mt-cmr.cfg
File: mt-cmr.cfg 2013/05/19 v2.2 microtype config. file: Computer Modern Roman (RS)
)
LaTeX Font Info:    Trying to load font information for U+msa on input line 109.
 (/usr/local/texlive/2023/texmf-dist/tex/latex/amsfonts/umsa.fd
File: umsa.fd 2013/01/14 v3.01 AMS symbols A
) (/usr/local/texlive/2023/texmf-dist/tex/latex/microtype/mt-msa.cfg
File: mt-msa.cfg 2006/02/04 v1.1 microtype config. file: AMS symbols (a) (RS)
)
LaTeX Font Info:    Trying to load font information for U+msb on input line 109.
 (/usr/local/texlive/2023/texmf-dist/tex/latex/amsfonts/umsb.fd
File: umsb.fd 2013/01/14 v3.01 AMS symbols B
) (/usr/local/texlive/2023/texmf-dist/tex/latex/microtype/mt-msb.cfg
File: mt-msb.cfg 2005/06/01 v1.0 microtype config. file: AMS symbols (b) (RS)
)

LaTeX Warning: Citation `Fraser:feasibility' on page 4 undefined on input line 111.


LaTeX Warning: Reference `fig:chain' on page 4 undefined on input line 111.


Underfull \vbox (badness 10000) has occurred while \output is active []

 [4

] [5]
LaTeX Font Info:    Trying to load font information for TS1+ptm on input line 313.
 (/usr/local/texlive/2023/texmf-dist/tex/latex/psnfss/ts1ptm.fd
File: ts1ptm.fd 2001/06/04 font definitions for TS1/ptm.
)
<fast.png, id=49, 403.2666pt x 148.51485pt>
File: fast.png Graphic file (type png)
<use fast.png>
Package pdftex.def Info: fast.png  used on input line 323.
(pdftex.def)             Requested size: 469.75499pt x 173.00702pt.


LaTeX Warning: Citation `Fraser:CAS' on page 6 undefined on input line 324.


LaTeX Warning: Citation `Fraser:CAS' on page 6 undefined on input line 324.


LaTeX Warning: Reference `fig:fast_diagram' on page 6 undefined on input line 327.


LaTeX Warning: Citation `Fraser:CAS' on page 6 undefined on input line 327.


LaTeX Warning: Citation `Metzmacher:2061508' on page 6 undefined on input line 327.


LaTeX Warning: Citation `Ghithan:2017wpd' on page 6 undefined on input line 327.


LaTeX Warning: Reference `fig:chain' on page 6 undefined on input line 327.

[6 <./fast.png>]
<fastmulti.png, id=62, 373.27455pt x 172.2435pt>
File: fastmulti.png Graphic file (type png)
<use fastmulti.png>
Package pdftex.def Info: fastmulti.png  used on input line 333.
(pdftex.def)             Requested size: 469.75499pt x 216.77563pt.


LaTeX Warning: Citation `Fraser:CAS' on page 7 undefined on input line 334.


LaTeX Warning: Citation `Fraser:CAS' on page 7 undefined on input line 334.


LaTeX Warning: Reference `chap:theory' on page 7 undefined on input line 345.


Underfull \vbox (badness 10000) has occurred while \output is active []

 [7 <./fastmulti.png>]

LaTeX Warning: Citation `Couteur_1951' on page 8 undefined on input line 349.


LaTeX Warning: Citation `Couteur_1955' on page 8 undefined on input line 349.


LaTeX Warning: Citation `ArrutiaSota:2845862' on page 8 undefined on input line 351.


LaTeX Warning: Reference `sec:matrix' on page 8 undefined on input line 359.


LaTeX Warning: Citation `Iselin:MAD' on page 8 undefined on input line 361.

[8] [9]
Chapter 2.

LaTeX Warning: Citation `Wiedemann' on page 10 undefined on input line 367.


LaTeX Warning: Citation `BDSIM' on page 10 undefined on input line 372.


LaTeX Warning: Reference `fig:frenet-serret' on page 10 undefined on input line 374.

[10

]

LaTeX Warning: Reference `fig:rhr' on page 11 undefined on input line 430.



pdfTeX warning: pdflatex (file ./rhr.pdf): PDF inclusion: found PDF version <1.7>, but at most version <1.5> allowed
<rhr.pdf, id=98, 463.7325pt x 457.71pt>
File: rhr.pdf Graphic file (type pdf)
<use rhr.pdf>
Package pdftex.def Info: rhr.pdf  used on input line 434.
(pdftex.def)             Requested size: 115.93283pt x 114.42722pt.

LaTeX Warning: Reference `subsec:trans_phase_space' on page 11 undefined on input line 456.

[11 <./rhr.pdf>]

LaTeX Warning: Reference `eq:centrifugal' on page 12 undefined on input line 509.


LaTeX Warning: Reference `eq:lorentz' on page 12 undefined on input line 509.

[12]

Package siunitx Warning: Unit macro \clight has been deprecated in this
(siunitx)                release.
(siunitx)                
(siunitx)                The BIPM have removed this unit from the SI Brochure.
(siunitx)                You should define it yourself using \DeclareSIUnit in
(siunitx)                your source. The current definition is
(siunitx)                
(siunitx)                \DeclareSIUnit\clight{\protect \text  {\protect
(siunitx)                \ensuremath  {c}}_{0}}


LaTeX Warning: Reference `eq:lorentz' on page 13 undefined on input line 521.


LaTeX Warning: Reference `fig:rhr' on page 13 undefined on input line 521.


LaTeX Warning: Reference `fig:dipole' on page 13 undefined on input line 521.


LaTeX Warning: `h' float specifier changed to `ht'.


LaTeX Warning: Reference `fig:dipole_error' on page 13 undefined on input line 674.


LaTeX Warning: Reference `sec:transdisp' on page 13 undefined on input line 674.


Underfull \vbox (badness 10000) has occurred while \output is active []

 [13]

LaTeX Warning: Reference `fig:quadrupole' on page 14 undefined on input line 676.


LaTeX Warning: Reference `fig:sextupole' on page 14 undefined on input line 782.

[14]

LaTeX Warning: Reference `eq:diff_motion' on page 15 undefined on input line 896.


LaTeX Warning: Reference `eq:hill' on page 15 undefined on input line 900.


LaTeX Warning: Citation `Rossbach:247501' on page 15 undefined on input line 901.


Underfull \vbox (badness 10000) has occurred while \output is active []

 [15]

LaTeX Warning: Reference `eq:motion_x' on page 16 undefined on input line 914.


LaTeX Warning: Reference `eq:motion_x' on page 16 undefined on input line 935.


LaTeX Warning: Reference `eq:motion_px' on page 16 undefined on input line 935.


LaTeX Warning: Citation `courantsnyder' on page 16 undefined on input line 948.


LaTeX Warning: Citation `richardtwiss' on page 16 undefined on input line 948.


LaTeX Warning: Reference `fig:twiss-phase-space' on page 16 undefined on input line 950.


LaTeX Warning: Reference `eq:emittance' on page 16 undefined on input line 950.


LaTeX Warning: `h' float specifier changed to `ht'.


LaTeX Warning: Reference `eq:motion_x' on page 16 undefined on input line 1020.

[16]

LaTeX Warning: Reference `eq:diff_motion' on page 17 undefined on input line 1026.


LaTeX Warning: Reference `eq:motion_x' on page 17 undefined on input line 1042.


LaTeX Warning: Reference `eq:motion_px' on page 17 undefined on input line 1042.


Underfull \vbox (badness 4832) has occurred while \output is active []

 [17]

LaTeX Warning: Reference `eq:quadrupole' on page 18 undefined on input line 1049.


LaTeX Warning: Reference `eq:lorentz' on page 18 undefined on input line 1123.


Underfull \vbox (badness 6396) has occurred while \output is active []

 [18]

LaTeX Warning: Reference `eq:brho' on page 19 undefined on input line 1144.


LaTeX Warning: Reference `eq:rel_long' on page 19 undefined on input line 1153.


Underfull \vbox (badness 10000) has occurred while \output is active []

 [19]

LaTeX Warning: Reference `sec:transdisp' on page 20 undefined on input line 1173.


LaTeX Warning: Reference `eq:dispersion' on page 20 undefined on input line 1181.


LaTeX Warning: Citation `lbd:tecker' on page 20 undefined on input line 1181.


LaTeX Warning: Reference `fig:long_phase_space' on page 20 undefined on input line 1204.


LaTeX Warning: Citation `lbd:tecker' on page 20 undefined on input line 1204.


LaTeX Warning: `h' float specifier changed to `ht'.

[20]

Package hyperref Warning: Token not allowed in a PDF string (Unicode):
(hyperref)                removing `math shift' on input line 1271.


Package hyperref Warning: Token not allowed in a PDF string (Unicode):
(hyperref)                removing `\@UnitsNiceFrac ' on input line 1271.


Package hyperref Warning: Token not allowed in a PDF string (Unicode):
(hyperref)                removing `math shift' on input line 1271.


LaTeX Warning: Reference `sec:transdisp' on page 21 undefined on input line 1273.


LaTeX Warning: Reference `sec:normalised' on page 21 undefined on input line 1284.


LaTeX Warning: Reference `sec:matrix' on page 21 undefined on input line 1297.


Underfull \vbox (badness 4156) has occurred while \output is active []

 [21]

LaTeX Warning: Reference `eq:normalised_sextupole_strength' on page 22 undefined on input line 1352.


LaTeX Warning: Citation `kobayashi' on page 22 undefined on input line 1355.

/Users/ash/cernbox/publications/MSc/main.tex:1357: Missing { inserted.
<to be read again> 
                   }
l.1357   \textbf{H} =\frac\varepsilon_
                                      Q 2(x^2+x'^2)+\frac S4(3xx'^2-x^3)
A left brace was mandatory here, so I've put one in.
You might want to delete and/or insert some corrections
so that I will find a matching right brace soon.
(If you're confused by all this, try typing `I}' now.)

/Users/ash/cernbox/publications/MSc/main.tex:1358: You can't use `\eqno' in math mode.
\endmathdisplay@a ...\df@tag \@empty \else \veqno 
                                                  \alt@tag \df@tag \fi \ifx ...
l.1358 \end{equation}
                     
Sorry, but I'm not programmed to handle this case;
I'll just pretend that you didn't ask for it.
If you're in the wrong mode, you might be able to
return to the right one by typing `I}' or `I$' or `I\par'.

/Users/ash/cernbox/publications/MSc/main.tex:1358: Missing } inserted.
<inserted text> 
                }
l.1358 \end{equation}
                     
I've inserted something that you may have forgotten.
(See the <inserted text> above.)
With luck, this will get me unwedged. But if you
really didn't forget anything, try typing `2' now; then
my insertion and my current dilemma will both disappear.

<kobayashi.png, id=246, 459.6372pt x 449.88075pt>
File: kobayashi.png Graphic file (type png)
<use kobayashi.png>
Package pdftex.def Info: kobayashi.png  used on input line 1362.
(pdftex.def)             Requested size: 281.85585pt x 275.87529pt.

LaTeX Warning: Reference `subsec:trans_phase_space' on page 22 undefined on input line 1366.


LaTeX Warning: Reference `fig:kobayashi' on page 22 undefined on input line 1366.

/Users/ash/cernbox/publications/MSc/main.tex:1368: Missing { inserted.
<to be read again> 
                   }
l.1368   P_1 &=& \left(\frac 43 \frac\varepsilon_
                                                 Q S,    0                  ...
A left brace was mandatory here, so I've put one in.
You might want to delete and/or insert some corrections
so that I will find a matching right brace soon.
(If you're confused by all this, try typing `I}' now.)

/Users/ash/cernbox/publications/MSc/main.tex:1368: Missing } inserted.
<inserted text> 
                }
l.1368 ...n_Q S,    0                       \right
                                                  ) \\
I've inserted something that you may have forgotten.
(See the <inserted text> above.)
With luck, this will get me unwedged. But if you
really didn't forget anything, try typing `2' now; then
my insertion and my current dilemma will both disappear.

/Users/ash/cernbox/publications/MSc/main.tex:1369: Missing { inserted.
<to be read again> 
                   }
l.1369 ...2 &=& \left(-\frac 23 \frac \varepsilon_
                                                  Q S,  -\frac{2\varepsilon_...
A left brace was mandatory here, so I've put one in.
You might want to delete and/or insert some corrections
so that I will find a matching right brace soon.
(If you're confused by all this, try typing `I}' now.)

/Users/ash/cernbox/publications/MSc/main.tex:1369: Missing } inserted.
<inserted text> 
                }
l.1369 ...-\frac{2\varepsilon_Q}{\sqrt 3 S} \right
                                                  ) \\
I've inserted something that you may have forgotten.
(See the <inserted text> above.)
With luck, this will get me unwedged. But if you
really didn't forget anything, try typing `2' now; then
my insertion and my current dilemma will both disappear.

/Users/ash/cernbox/publications/MSc/main.tex:1370: Missing { inserted.
<to be read again> 
                   }
l.1370 ...3 &=& \left(-\frac 23 \frac \varepsilon_
                                                  Q S,  \frac{2\varepsilon_Q...
A left brace was mandatory here, so I've put one in.
You might want to delete and/or insert some corrections
so that I will find a matching right brace soon.
(If you're confused by all this, try typing `I}' now.)

/Users/ash/cernbox/publications/MSc/main.tex:1370: Missing } inserted.
<inserted text> 
                }
l.1370 ... \frac{2\varepsilon_Q}{\sqrt 3 S} \right
                                                  )
I've inserted something that you may have forgotten.
(See the <inserted text> above.)
With luck, this will get me unwedged. But if you
really didn't forget anything, try typing `2' now; then
my insertion and my current dilemma will both disappear.


Underfull \vbox (badness 10000) has occurred while \output is active []

 [22]
/Users/ash/cernbox/publications/MSc/main.tex:1374: Missing { inserted.
<to be read again> 
                   }
l.1374   h=\frac 23 \frac \varepsilon_
                                      Q S = \frac{4\pi}S\delta Q
A left brace was mandatory here, so I've put one in.
You might want to delete and/or insert some corrections
so that I will find a matching right brace soon.
(If you're confused by all this, try typing `I}' now.)

/Users/ash/cernbox/publications/MSc/main.tex:1376: You can't use `\eqno' in math mode.
\endmathdisplay@a ...\df@tag \@empty \else \veqno 
                                                  \alt@tag \df@tag \fi \ifx ...
l.1376 \end{equation}
                     
Sorry, but I'm not programmed to handle this case;
I'll just pretend that you didn't ask for it.
If you're in the wrong mode, you might be able to
return to the right one by typing `I}' or `I$' or `I\par'.

/Users/ash/cernbox/publications/MSc/main.tex:1376: Missing } inserted.
<inserted text> 
                }
l.1376 \end{equation}
                     
I've inserted something that you may have forgotten.
(See the <inserted text> above.)
With luck, this will get me unwedged. But if you
really didn't forget anything, try typing `2' now; then
my insertion and my current dilemma will both disappear.


LaTeX Warning: Reference `fig:kobayashi' on page 23 undefined on input line 1377.


LaTeX Warning: Reference `fig:kobayashi' on page 23 undefined on input line 1377.


LaTeX Warning: Reference `fig:real-world' on page 23 undefined on input line 1380.

[23 <./kobayashi.png>]
<real-world.png, id=268, 1008.76875pt x 579.16376pt>
File: real-world.png Graphic file (type png)
<use real-world.png>
Package pdftex.def Info: real-world.png  used on input line 1384.
(pdftex.def)             Requested size: 281.85585pt x 161.82008pt.
<momentum-driven.png, id=269, 1754.555pt x 994.71625pt>
File: momentum-driven.png Graphic file (type png)
<use momentum-driven.png>
Package pdftex.def Info: momentum-driven.png  used on input line 1398.
(pdftex.def)             Requested size: 281.85585pt x 159.79533pt.
<amplitude-driven.png, id=270, 1766.6pt x 978.65625pt>
File: amplitude-driven.png Graphic file (type png)
<use amplitude-driven.png>
Package pdftex.def Info: amplitude-driven.png  used on input line 1404.
(pdftex.def)             Requested size: 281.85585pt x 156.1402pt.


LaTeX Warning: Reference `fig:momentum-driven' on page 24 undefined on input line 1408.


LaTeX Warning: Reference `fig:amplitude-driven' on page 24 undefined on input line 1408.


LaTeX Warning: Reference `eq:apothem' on page 24 undefined on input line 1409.


Underfull \vbox (badness 1400) has occurred while \output is active []

 [24 <./real-world.png>]

LaTeX Warning: Reference `fig:momentum-driven' on page 25 undefined on input line 1414.


LaTeX Warning: Reference `fig:amplitude-driven' on page 25 undefined on input line 1414.


LaTeX Warning: Citation `Falbo:IPAC2018-TUZGBF3' on page 25 undefined on input line 1421.


LaTeX Warning: Citation `ArrutiaSota:2845862' on page 25 undefined on input line 1422.


LaTeX Warning: Citation `Yao:2016cnf' on page 25 undefined on input line 1423.

[25 <./momentum-driven.png> <./amplitude-driven.png>]

LaTeX Warning: Reference `fig:rfko_phase_space' on page 26 undefined on input line 1434.

[26]
Chapter 3.

LaTeX Warning: Reference `eq:brho' on page 27 undefined on input line 1522.


LaTeX Warning: Reference `eq:relativistic_energy' on page 27 undefined on input line 1522.


LaTeX Warning: Reference `eq:relativistic_momentum' on page 27 undefined on input line 1522.


Package siunitx Warning: Unit macro \atomicmassunit has been deprecated in
(siunitx)                this release.
(siunitx)                
(siunitx)                The BIPM have removed this unit from the SI Brochure.
(siunitx)                You should define it yourself using \DeclareSIUnit in
(siunitx)                your source. The current definition is
(siunitx)                
(siunitx)                \DeclareSIUnit\atomicmassunit{u}


LaTeX Warning: Reference `eq:ion_momentum' on page 27 undefined on input line 1539.


LaTeX Warning: Reference `eq:brho' on page 27 undefined on input line 1539.


Overfull \hbox (14.30252pt too wide) in paragraph at lines 1665--1666
 [][] 
 []


Underfull \vbox (badness 10000) has occurred while \output is active []

 [27

]

LaTeX Warning: Reference `fig:schematic' on page 28 undefined on input line 1671.


LaTeX Warning: Reference `fig:schematic' on page 28 undefined on input line 1677.

[28]

LaTeX Warning: Reference `fig:schematic' on page 29 undefined on input line 1679.


LaTeX Warning: Reference `fig:tunemap' on page 29 undefined on input line 1681.


LaTeX Warning: Reference `fig:cycle' on page 29 undefined on input line 1689.

<tunemap.png, id=313, 423.38174pt x 315.94035pt>
File: tunemap.png Graphic file (type png)
<use tunemap.png>
Package pdftex.def Info: tunemap.png  used on input line 1693.
(pdftex.def)             Requested size: 281.85585pt x 210.32909pt.
<cyclegraphs.png, id=314, 715.35255pt x 715.473pt>
File: cyclegraphs.png Graphic file (type png)
<use cyclegraphs.png>
Package pdftex.def Info: cyclegraphs.png  used on input line 1699.
(pdftex.def)             Requested size: 469.75499pt x 469.8337pt.

LaTeX Warning: `h' float specifier changed to `ht'.


LaTeX Warning: Reference `sec:long' on page 29 undefined on input line 1703.


LaTeX Warning: Citation `Sterbini:2158994' on page 29 undefined on input line 1706.


Underfull \vbox (badness 10000) has occurred while \output is active []

 [29]

LaTeX Warning: Citation `bouvet' on page 30 undefined on input line 1713.


LaTeX Warning: Citation `Gasior:895142' on page 30 undefined on input line 1723.


LaTeX Warning: Reference `fig:qmeter-signal' on page 30 undefined on input line 1723.


LaTeX Warning: Citation `ipac' on page 30 undefined on input line 1723.


LaTeX Warning: Reference `tab:qmeter-params' on page 30 undefined on input line 1723.


LaTeX Warning: No positions in optional float specifier.
               Default added (so using `tbp') on input line 1725.

<fake-signal.png, id=324, 565.51276pt x 281.853pt>
File: fake-signal.png Graphic file (type png)
<use fake-signal.png>
Package pdftex.def Info: fake-signal.png  used on input line 1740.
(pdftex.def)             Requested size: 281.85585pt x 140.47887pt.

LaTeX Warning: Reference `eq:both-chirps' on page 30 undefined on input line 1744.


Underfull \vbox (badness 10000) has occurred while \output is active []

 [30 <./tunemap.png>]
<both-chirps.png, id=336, 570.933pt x 281.853pt>
File: both-chirps.png Graphic file (type png)
<use both-chirps.png>
Package pdftex.def Info: both-chirps.png  used on input line 1748.
(pdftex.def)             Requested size: 281.85585pt x 139.14995pt.

Underfull \vbox (badness 10000) has occurred while \output is active []

 [31 <./cyclegraphs.png>]

LaTeX Warning: Reference `sec:motivation' on page 32 undefined on input line 1758.


LaTeX Warning: Citation `Iselin:MAD' on page 32 undefined on input line 1762.


LaTeX Warning: Citation `xsuite' on page 32 undefined on input line 1762.


LaTeX Warning: Citation `optics-repo' on page 32 undefined on input line 1762.


Underfull \vbox (badness 10000) has occurred while \output is active []

 [32 <./fake-signal.png> <./both-chirps.png>]

LaTeX Warning: Citation `CuPy' on page 33 undefined on input line 1764.


LaTeX Warning: Reference `sec:magcycle' on page 33 undefined on input line 1768.


LaTeX Warning: Reference `fig:acc-models-optics' on page 33 undefined on input line 1768.

<optics.png, id=352, 906.14536pt x 490.11105pt>
File: optics.png Graphic file (type png)
<use optics.png>
Package pdftex.def Info: optics.png  used on input line 1772.
(pdftex.def)             Requested size: 422.77661pt x 228.66956pt.
\openout4 = `main-1.cpt'.

(./main-1.cpt) (./main-1.cpt)

LaTeX Warning: `h' float specifier changed to `ht'.


LaTeX Warning: Reference `eq:kick-electric' on page 33 undefined on input line 1784.


LaTeX Warning: Reference `eq:kick-magnetic' on page 33 undefined on input line 1784.


LaTeX Warning: Reference `lst:kick_angle' on page 33 undefined on input line 1784.


LaTeX Warning: Reference `lst:generate_chirp' on page 33 undefined on input line 1784.

[33]

LaTeX Warning: Citation `Martini:324553' on page 34 undefined on input line 1803.


LaTeX Warning: Citation `Hancock:960231' on page 34 undefined on input line 1803.


LaTeX Warning: Reference `tab:initial-conditions' on page 34 undefined on input line 1803.


LaTeX Warning: Reference `fig:initial-dist' on page 34 undefined on input line 1803.

[34 <./optics.png>]

LaTeX Warning: No positions in optional float specifier.
               Default added (so using `tbp') on input line 1807.

<initial-dist.png, id=369, 642.4803pt x 640.3122pt>
File: initial-dist.png Graphic file (type png)
<use initial-dist.png>
Package pdftex.def Info: initial-dist.png  used on input line 1822.
(pdftex.def)             Requested size: 469.75499pt x 468.17633pt.
\openout4 = `main-2.cpt'.

(./main-2.cpt

LaTeX Warning: Reference `tab:initial-conditions' on page 35 undefined on input line 1.

) (./main-2.cpt

LaTeX Warning: Reference `tab:initial-conditions' on page 35 undefined on input line 1.

)

LaTeX Warning: Reference `fig:cycle' on page 35 undefined on input line 1828.


LaTeX Warning: Citation `merkel2014docker' on page 35 undefined on input line 1832.


LaTeX Warning: Citation `docker' on page 35 undefined on input line 1834.


LaTeX Warning: Reference `fig:flowchart' on page 35 undefined on input line 1836.


LaTeX Warning: Reference `fig:phase-space-sim' on page 35 undefined on input line 1836.


LaTeX Warning: Reference `fig:kobayashi' on page 35 undefined on input line 1836.


LaTeX Warning: Reference `fig:rfko_phase_space' on page 35 undefined on input line 1836.


LaTeX Warning: Reference `sec:rfko' on page 35 undefined on input line 1836.

[35] [36 <./initial-dist.png>]
<phase-space-sim.png, id=385, 591.4095pt x 393.99194pt>
File: phase-space-sim.png Graphic file (type png)
<use phase-space-sim.png>
Package pdftex.def Info: phase-space-sim.png  used on input line 1840.
(pdftex.def)             Requested size: 422.77661pt x 281.64798pt.
\openout4 = `main-3.cpt'.

 (./main-3.cpt) (./main-3.cpt)

LaTeX Warning: `h' float specifier changed to `ht'.

[37 <./phase-space-sim.png>] [38]
Chapter 4.

LaTeX Warning: Reference `sec:sim_process' on page 39 undefined on input line 1983.


LaTeX Warning: Reference `fig:cpu_graph_per_turn' on page 39 undefined on input line 1983.


LaTeX Warning: Reference `fig:gpu_graph_per_turn' on page 39 undefined on input line 1983.


LaTeX Warning: Reference `fig:gpu_graph_per_turn' on page 39 undefined on input line 1987.


LaTeX Warning: Citation `Hegglin:2239398' on page 39 undefined on input line 1989.

<CPU_graph_per_turn.png, id=397, 538.6524pt x 338.34406pt>
File: CPU_graph_per_turn.png Graphic file (type png)
<use CPU_graph_per_turn.png>
Package pdftex.def Info: CPU_graph_per_turn.png  used on input line 1993.
(pdftex.def)             Requested size: 328.82706pt x 206.55476pt.
[39

]
<GPU_graph_per_turn.png, id=405, 538.4115pt x 338.34406pt>
File: GPU_graph_per_turn.png Graphic file (type png)
<use GPU_graph_per_turn.png>
Package pdftex.def Info: GPU_graph_per_turn.png  used on input line 1999.
(pdftex.def)             Requested size: 328.82706pt x 206.63737pt.
<COMPARISON_graph_per_turn.png, id=407, 538.4115pt x 338.34406pt>
File: COMPARISON_graph_per_turn.png Graphic file (type png)
<use COMPARISON_graph_per_turn.png>
Package pdftex.def Info: COMPARISON_graph_per_turn.png  used on input line 2006.
(pdftex.def)             Requested size: 328.82706pt x 206.63737pt.
\openout4 = `main-4.cpt'.

 (./main-4.cpt) (./main-4.cpt)

LaTeX Warning: Reference `fig:comparison_graph_per_turn' on page 40 undefined on input line 2010.


LaTeX Warning: Citation `Schicho:2039579' on page 40 undefined on input line 2012.


LaTeX Warning: Reference `sec:sim_process' on page 40 undefined on input line 2012.

[40 <./CPU_graph_per_turn.png> <./GPU_graph_per_turn.png>] [41 <./COMPARISON_graph_per_turn.png>]

LaTeX Warning: Citation `Pari:2780495' on page 42 undefined on input line 2019.


LaTeX Warning: Citation `Actis:bxscint' on page 42 undefined on input line 2023.


LaTeX Warning: Reference `fig:schematic' on page 42 undefined on input line 2023.

<raw_signal.png, id=426, 715.473pt x 426.393pt>
File: raw_signal.png Graphic file (type png)
<use raw_signal.png>
Package pdftex.def Info: raw_signal.png  used on input line 2027.
(pdftex.def)             Requested size: 328.82706pt x 195.96748pt.
\openout4 = `main-5.cpt'.

(./main-5.cpt) (./main-5.cpt)

LaTeX Warning: Citation `nxcals' on page 42 undefined on input line 2031.


LaTeX Warning: Reference `fig:raw_signal' on page 42 undefined on input line 2031.

<sample_rate_variation.png, id=428, 578.03955pt x 211.87155pt>
File: sample_rate_variation.png Graphic file (type png)
<use sample_rate_variation.png>
Package pdftex.def Info: sample_rate_variation.png  used on input line 2036.
(pdftex.def)             Requested size: 375.80542pt x 137.7472pt.

LaTeX Warning: Reference `fig:sample_rate_variation' on page 42 undefined on input line 2040.


LaTeX Warning: Reference `fig:raw_ffts' on page 42 undefined on input line 2040.

<raw_ffts.png, id=430, 715.473pt x 426.393pt>
File: raw_ffts.png Graphic file (type png)
<use raw_ffts.png>
Package pdftex.def Info: raw_ffts.png  used on input line 2044.
(pdftex.def)             Requested size: 375.80542pt x 223.96378pt.

LaTeX Warning: Reference `fig:raw_signal' on page 42 undefined on input line 2045.


LaTeX Warning: Reference `fig:raw_signal' on page 42 undefined on input line 2045.


Underfull \vbox (badness 10000) has occurred while \output is active []

 [42

 <./raw_signal.png>] [43 <./sample_rate_variation.png> <./raw_ffts.png>]

LaTeX Warning: Reference `lst:time_series_calculation' on page 44 undefined on input line 2058.


LaTeX Warning: Reference `fig:freq_response_machine' on page 44 undefined on input line 2062.


LaTeX Warning: Reference `sec:machine_freq_anal_method' on page 44 undefined on input line 2062.


LaTeX Warning: Citation `wepmp008' on page 44 undefined on input line 2062.


LaTeX Warning: Citation `Pari:2780495' on page 44 undefined on input line 2062.


LaTeX Warning: Citation `Sorge_2018' on page 44 undefined on input line 2064.


LaTeX Warning: Citation `Pullia:313678' on page 44 undefined on input line 2064.


LaTeX Warning: Citation `Bryant:CAS' on page 44 undefined on input line 2064.


LaTeX Warning: Reference `eq:spiral_step' on page 44 undefined on input line 2069.


LaTeX Warning: Reference `eq:spiral_kick' on page 44 undefined on input line 2069.


LaTeX Warning: Reference `fig:transit_time' on page 44 undefined on input line 2069.


LaTeX Warning: Reference `fig:schematic' on page 44 undefined on input line 2129.


LaTeX Warning: Citation `PIMMS' on page 44 undefined on input line 2129.


Underfull \vbox (badness 10000) has occurred while \output is active []

 [44]
/Users/ash/cernbox/publications/MSc/main.tex:2131: Missing { inserted.
<to be read again> 
                   }
l.2131 ...{sep}| = \frac 23\left|\frac\varepsilon_
                                                  Q S\right|
A left brace was mandatory here, so I've put one in.
You might want to delete and/or insert some corrections
so that I will find a matching right brace soon.
(If you're confused by all this, try typing `I}' now.)

/Users/ash/cernbox/publications/MSc/main.tex:2131: Missing } inserted.
<inserted text> 
                }
l.2131 ...\frac 23\left|\frac\varepsilon_Q S\right
                                                  |
I've inserted something that you may have forgotten.
(See the <inserted text> above.)
With luck, this will get me unwedged. But if you
really didn't forget anything, try typing `2' now; then
my insertion and my current dilemma will both disappear.


LaTeX Warning: Reference `eq:xsep' on page 45 undefined on input line 2134.

<machine_rf_on.png, id=461, 545.6385pt x 354.123pt>
File: machine_rf_on.png Graphic file (type png)
<use machine_rf_on.png>
Package pdftex.def Info: machine_rf_on.png  used on input line 2152.
(pdftex.def)             Requested size: 422.77661pt x 274.38844pt.
<machine_rf_off.png, id=463, 548.16795pt x 354.123pt>
File: machine_rf_off.png Graphic file (type png)
<use machine_rf_off.png>
Package pdftex.def Info: machine_rf_off.png  used on input line 2156.
(pdftex.def)             Requested size: 422.77661pt x 273.11862pt.

LaTeX Warning: Reference `fig:freq_response_sim' on page 45 undefined on input line 2162.


LaTeX Warning: Reference `fig:freq_response_machine' on page 45 undefined on input line 2162.


LaTeX Warning: Reference `machine_rf_off' on page 45 undefined on input line 2162.

<sim_rf_on.png, id=465, 545.6385pt x 354.123pt>
File: sim_rf_on.png Graphic file (type png)
<use sim_rf_on.png>
Package pdftex.def Info: sim_rf_on.png  used on input line 2167.
(pdftex.def)             Requested size: 422.77661pt x 274.38844pt.
<sim_rf_off.png, id=467, 545.6385pt x 354.123pt>
File: sim_rf_off.png Graphic file (type png)
<use sim_rf_off.png>
Package pdftex.def Info: sim_rf_off.png  used on input line 2171.
(pdftex.def)             Requested size: 422.77661pt x 274.38844pt.
\openout4 = `main-6.cpt'.

(./main-6.cpt) (./main-6.cpt)

LaTeX Warning: `h' float specifier changed to `ht'.


LaTeX Warning: Reference `fig:simvmeas_bunched' on page 45 undefined on input line 2177.

<simvmeas_bunched.png, id=469, 512.3943pt x 338.34406pt>
File: simvmeas_bunched.png Graphic file (type png)
<use simvmeas_bunched.png>
Package pdftex.def Info: simvmeas_bunched.png  used on input line 2180.
(pdftex.def)             Requested size: 422.77661pt x 279.17342pt.

Underfull \vbox (badness 10000) has occurred while \output is active []

 [45] [46 <./machine_rf_on.png> <./machine_rf_off.png>]

LaTeX Warning: `!h' float specifier changed to `!ht'.

[47] [48 <./sim_rf_on.png> <./sim_rf_off.png>] [49 <./simvmeas_bunched.png>]

LaTeX Warning: Citation `Sorge_2018' on page 50 undefined on input line 2187.


LaTeX Warning: Reference `fig:sdf_example' on page 50 undefined on input line 2190.

<sdfs.png, id=508, 715.473pt x 426.393pt>
File: sdfs.png Graphic file (type png)
<use sdfs.png>
Package pdftex.def Info: sdfs.png  used on input line 2194.
(pdftex.def)             Requested size: 375.80542pt x 223.96378pt.

LaTeX Warning: Reference `fig:raw_signal' on page 50 undefined on input line 2195.


LaTeX Warning: Reference `fig:raw_signal' on page 50 undefined on input line 2195.


LaTeX Warning: Reference `fig:sdf_meas' on page 50 undefined on input line 2198.


LaTeX Warning: Citation `Cappi:134321' on page 50 undefined on input line 2198.

<sdf_on_meas.png, id=509, 473.72984pt x 309.5565pt>
File: sdf_on_meas.png Graphic file (type png)
<use sdf_on_meas.png>
Package pdftex.def Info: sdf_on_meas.png  used on input line 2205.
(pdftex.def)             Requested size: 422.77661pt x 276.2649pt.
<sdf_off_meas.png, id=511, 473.72984pt x 309.5565pt>
File: sdf_off_meas.png Graphic file (type png)
<use sdf_off_meas.png>
Package pdftex.def Info: sdf_off_meas.png  used on input line 2209.
(pdftex.def)             Requested size: 422.77661pt x 276.2649pt.
\openout4 = `main-7.cpt'.

(./main-7.cpt) (./main-7.cpt)

LaTeX Warning: `h' float specifier changed to `ht'.

[50

 <./sdfs.png>] [51 <./sdf_on_meas.png> <./sdf_off_meas.png>]
Chapter 5.

LaTeX Warning: Reference `results:freq_response' on page 52 undefined on input line 2218.


LaTeX Warning: Reference `results:sdf' on page 52 undefined on input line 2218.


LaTeX Warning: Citation `wepmp008' on page 52 undefined on input line 2220.


LaTeX Warning: Citation `Pari:2780495' on page 52 undefined on input line 2220.


LaTeX Warning: Reference `sec:septum' on page 52 undefined on input line 2227.

[52

]
Chapter 6.
(./main.bbl [53

]
** WARNING: IEEEtran.bst: No hyphenation pattern has been
** loaded for the language `en'. Using the pattern for
** the default language instead.
[54

] [55]
** WARNING: IEEEtran.bst: No hyphenation pattern has been
** loaded for the language `en'. Using the pattern for
** the default language instead.
** WARNING: IEEEtran.bst: No hyphenation pattern has been
** loaded for the language `en'. Using the pattern for
** the default language instead.
) [56]
Appendix A.
[57

]
Appendix B.
(/usr/local/texlive/2023/texmf-dist/tex/latex/listings/lstlang1.sty
File: lstlang1.sty 2023/02/27 1.9 listings language file
)
Package hyperref Info: bookmark level for unknown lstlisting defaults to 0 on input line 2249.
 (./code/kick_angle.py

LaTeX Font Warning: Font shape `T1/cmtt/m/n' in size <18.42809> not available
(Font)              size <17.28> substituted on input line 38.

[58

])

LaTeX Warning: Reference `sec:trans_exc' on page 59 undefined on input line 2249.


LaTeX Warning: Reference `sec:trans_exc' on page 59 undefined on input line 2249.

(./code/generate_chirp.py)

LaTeX Warning: Reference `eq:both-chirps' on page 59 undefined on input line 2251.


LaTeX Warning: Reference `eq:both-chirps' on page 59 undefined on input line 2251.

(./code/time_series.py)

LaTeX Warning: Reference `sec:machine_freq_anal_method' on page 59 undefined on input line 2253.


LaTeX Warning: Reference `sec:machine_freq_anal_method' on page 59 undefined on input line 2253.

[59]
Appendix C.
[60

] (./main.aux)

LaTeX Font Warning: Size substitutions with differences
(Font)              up to 1.14809pt have occurred.


LaTeX Warning: There were undefined references.


LaTeX Warning: Label(s) may have changed. Rerun to get cross-references right.


Package rerunfilecheck Warning: File `main.out' has changed.
(rerunfilecheck)                Rerun to get outlines right
(rerunfilecheck)                or use package `bookmark'.

Package rerunfilecheck Info: Checksums for `main.out':
(rerunfilecheck)             Before: <no file>
(rerunfilecheck)             After:  C98A0371F7DDD52C207485CF1FAE5FD2;8169.
 ) 
Here is how much of TeX's memory you used:
 36252 strings out of 476025
 730599 string characters out of 5790017
 2142388 words of memory out of 5000000
 55252 multiletter control sequences out of 15000+600000
 621247 words of font info for 387 fonts, out of 8000000 for 9000
 1141 hyphenation exceptions out of 8191
 84i,13n,89p,1360b,2842s stack positions out of 10000i,1000n,20000p,200000b,200000s

pdfTeX warning (dest): name{Hfootnote.10} has been referenced but does not exist, replaced by a fixed one


pdfTeX warning (dest): name{Hfootnote.9} has been referenced but does not exist, replaced by a fixed one


pdfTeX warning (dest): name{Hfootnote.8} has been referenced but does not exist, replaced by a fixed one


pdfTeX warning (dest): name{Hfootnote.7} has been referenced but does not exist, replaced by a fixed one


pdfTeX warning (dest): name{Hfootnote.6} has been referenced but does not exist, replaced by a fixed one


pdfTeX warning (dest): name{Hfootnote.5} has been referenced but does not exist, replaced by a fixed one


pdfTeX warning (dest): name{Hfootnote.4} has been referenced but does not exist, replaced by a fixed one


pdfTeX warning (dest): name{Hfootnote.3} has been referenced but does not exist, replaced by a fixed one


pdfTeX warning (dest): name{Hfootnote.2} has been referenced but does not exist, replaced by a fixed one


pdfTeX warning (dest): name{Hfootnote.1} has been referenced but does not exist, replaced by a fixed one

</usr/local/texlive/2023/texmf-dist/fonts/type1/public/amsfonts/cm/cmbx10.pfb></usr/local/texlive/2023/texmf-dist/fonts/type1/public/amsfonts/cm/cmbx8.pfb></usr/local/texlive/2023/texmf-dist/fonts/type1/public/amsfonts/cm/cmex10.pfb></usr/local/texlive/2023/texmf-dist/fonts/type1/public/amsfonts/cmextra/cmex8.pfb></usr/local/texlive/2023/texmf-dist/fonts/type1/public/amsfonts/cm/cmmi10.pfb></usr/local/texlive/2023/texmf-dist/fonts/type1/public/amsfonts/cm/cmmi6.pfb></usr/local/texlive/2023/texmf-dist/fonts/type1/public/amsfonts/cm/cmmi8.pfb></usr/local/texlive/2023/texmf-dist/fonts/type1/public/amsfonts/cm/cmmi9.pfb></usr/local/texlive/2023/texmf-dist/fonts/type1/public/amsfonts/cm/cmr10.pfb></usr/local/texlive/2023/texmf-dist/fonts/type1/public/amsfonts/cm/cmr6.pfb></usr/local/texlive/2023/texmf-dist/fonts/type1/public/amsfonts/cm/cmr8.pfb></usr/local/texlive/2023/texmf-dist/fonts/type1/public/amsfonts/cm/cmr9.pfb></usr/local/texlive/2023/texmf-dist/fonts/type1/public/amsfonts/cm/cmsy10.pfb></usr/local/texlive/2023/texmf-dist/fonts/type1/public/amsfonts/cm/cmsy8.pfb></usr/local/texlive/2023/texmf-dist/fonts/type1/public/amsfonts/symbols/msbm10.pfb></usr/local/texlive/2023/texmf-dist/fonts/type1/public/cm-super/sftt0900.pfb></usr/local/texlive/2023/texmf-dist/fonts/type1/public/cm-super/sftt1095.pfb></usr/local/texlive/2023/texmf-dist/fonts/type1/public/cm-super/sftt1728.pfb></usr/local/texlive/2023/texmf-dist/fonts/type1/urw/times/utmb8a.pfb></usr/local/texlive/2023/texmf-dist/fonts/type1/urw/times/utmbi8a.pfb></usr/local/texlive/2023/texmf-dist/fonts/type1/urw/times/utmr8a.pfb></usr/local/texlive/2023/texmf-dist/fonts/type1/urw/times/utmri8a.pfb>
Output written on main.pdf (61 pages, 16336177 bytes).
PDF statistics:
 910 PDF objects out of 1000 (max. 8388607)
 720 compressed objects within 8 object streams
 367 named destinations out of 1000 (max. 500000)
 111357 words of extra memory for PDF output out of 128383 (max. 10000000)

